::1 - - [16/Mar/2017:14:51:38 +0100] "GET /phpmyadmin HTTP/1.1" 301 241
::1 - - [16/Mar/2017:14:51:38 +0100] "GET /phpmyadmin/ HTTP/1.1" 200 8555
::1 - - [16/Mar/2017:14:51:38 +0100] "GET /phpmyadmin/themes/pmahomme/jquery/jquery-ui-1.9.2.custom.css HTTP/1.1" 200 32739
::1 - - [16/Mar/2017:14:51:38 +0100] "GET /phpmyadmin/js/get_scripts.js.php?scripts[]=jquery/jquery-1.8.3.js&scripts[]=ajax.js&scripts[]=keyhandler.js&scripts[]=jquery/jquery-ui-1.9.2.custom.js&scripts[]=jquery/jquery.sprintf.js&scripts[]=jquery/jquery.cookie.js&scripts[]=jquery/jquery.mousewheel.js&scripts[]=jquery/jquery.event.drag-2.2.js&scripts[]=jquery/jquery-ui-timepicker-addon.js&scripts[]=jquery/jquery.ba-hashchange-1.3.js&scripts[]=jquery/jquery.debounce-1.0.5.js&scripts[]=jquery/jquery.menuResizer-1.0.js&scripts[]=rte.js&scripts[]=functions.js&scripts[]=navigation.js&scripts[]=indexes.js&scripts[]=common.js&scripts[]=codemirror/lib/codemirror.js&scripts[]=codemirror/mode/mysql/mysql.js HTTP/1.1" 200 578621
::1 - - [16/Mar/2017:14:51:38 +0100] "GET /phpmyadmin/phpmyadmin.css.php?server=1&lang=nl&collation_connection=utf8_general_ci&token=5f717a66599454aea6e11d0ef3857911&nocache=4469013067ltr HTTP/1.1" 200 92653
::1 - - [16/Mar/2017:14:51:38 +0100] "GET /phpmyadmin/js/get_image.js.php?theme=pmahomme HTTP/1.1" 200 6364
::1 - - [16/Mar/2017:14:51:38 +0100] "GET /phpmyadmin/themes/pmahomme/img/logo_right.png HTTP/1.1" 200 4548
::1 - - [16/Mar/2017:14:51:38 +0100] "GET /phpmyadmin/themes/dot.gif HTTP/1.1" 200 43
::1 - - [16/Mar/2017:14:51:38 +0100] "GET /phpmyadmin/js/messages.php?lang=nl&db=&server=0&collation_connection=utf8_general_ci&token=81c183750c6b8220e2f4c4f9baed3228 HTTP/1.1" 200 18199
::1 - - [16/Mar/2017:14:51:38 +0100] "GET /phpmyadmin/themes/pmahomme/img/sprites.png HTTP/1.1" 200 61899
::1 - - [16/Mar/2017:14:51:39 +0100] "GET /phpmyadmin/favicon.ico HTTP/1.1" 200 18902
::1 - - [16/Mar/2017:14:51:47 +0100] "POST /phpmyadmin/index.php HTTP/1.1" 302 -
::1 - - [16/Mar/2017:14:51:47 +0100] "GET /phpmyadmin/index.php?token=5f717a66599454aea6e11d0ef3857911 HTTP/1.1" 200 44705
::1 - - [16/Mar/2017:14:51:47 +0100] "GET /phpmyadmin/phpmyadmin.css.php?server=1&token=5f717a66599454aea6e11d0ef3857911&nocache=5958685374ltr HTTP/1.1" 200 92653
::1 - - [16/Mar/2017:14:51:47 +0100] "GET /phpmyadmin/themes/pmahomme/img/logo_left.png HTTP/1.1" 200 2327
::1 - - [16/Mar/2017:14:51:47 +0100] "GET /phpmyadmin/themes/pmahomme/img/ajax_clock_small.gif HTTP/1.1" 200 1810
::1 - - [16/Mar/2017:14:51:47 +0100] "GET /phpmyadmin/js/messages.php?lang=nl&db=&server=0&token=5f717a66599454aea6e11d0ef3857911 HTTP/1.1" 200 18199
::1 - - [16/Mar/2017:14:51:47 +0100] "GET /phpmyadmin/themes/pmahomme/img/left_nav_bg.png HTTP/1.1" 200 297
::1 - - [16/Mar/2017:14:51:47 +0100] "GET /phpmyadmin/version_check.php?&_nocache=1489672307590958207 HTTP/1.1" 200 39
::1 - - [16/Mar/2017:14:52:11 +0100] "GET /phpmyadmin/server_databases.php?db=&token=5f717a66599454aea6e11d0ef3857911&ajax_request=true&ajax_page_request=true&menuHashes=9b473137&_nocache=1489672331062786494 HTTP/1.1" 200 35250
::1 - - [16/Mar/2017:14:52:11 +0100] "GET /phpmyadmin/js/get_scripts.js.php?scripts[]=server_databases.js HTTP/1.1" 200 1818
::1 - - [16/Mar/2017:14:52:11 +0100] "GET /phpmyadmin/themes/pmahomme/img/arrow_ltr.png HTTP/1.1" 200 139
::1 - - [16/Mar/2017:14:52:25 +0100] "POST /phpmyadmin/db_create.php HTTP/1.1" 200 2315
::1 - - [16/Mar/2017:14:52:25 +0100] "POST /phpmyadmin/navigation.php?ajax_request=1&token=5f717a66599454aea6e11d0ef3857911 HTTP/1.1" 200 1276
::1 - - [16/Mar/2017:14:52:26 +0100] "GET /phpmyadmin/db_structure.php?db=zwabbe&token=5f717a66599454aea6e11d0ef3857911&db=zwabbe&ajax_request=true&ajax_page_request=true&menuHashes=33282192-9b473137&_nocache=1489672346868820704 HTTP/1.1" 200 5623
::1 - - [16/Mar/2017:14:52:26 +0100] "GET /phpmyadmin/js/get_scripts.js.php?scripts[]=db_structure.js&scripts[]=tbl_change.js HTTP/1.1" 200 12382
