2017-03-16 14:51:28 9908 [Note] Plugin 'FEDERATED' is disabled.
2017-03-16 14:51:28 9908 [Note] InnoDB: The InnoDB memory heap is disabled
2017-03-16 14:51:28 9908 [Note] InnoDB: Mutexes and rw_locks use Windows interlocked functions
2017-03-16 14:51:28 9908 [Note] InnoDB: Compressed tables use zlib 1.2.3
2017-03-16 14:51:28 9908 [Note] InnoDB: Not using CPU crc32 instructions
2017-03-16 14:51:28 9908 [Note] InnoDB: Initializing buffer pool, size = 128.0M
2017-03-16 14:51:28 9908 [Note] InnoDB: Completed initialization of buffer pool
2017-03-16 14:51:28 9908 [Note] InnoDB: Setting log file C:\Users\Joey\Desktop\school\PAO\zwabbe\mysql\data\ib_logfile101 size to 5 MB
2017-03-16 14:51:28 9908 [Note] InnoDB: Setting log file C:\Users\Joey\Desktop\school\PAO\zwabbe\mysql\data\ib_logfile1 size to 5 MB
2017-03-16 14:51:28 9908 [Note] InnoDB: Renaming log file C:\Users\Joey\Desktop\school\PAO\zwabbe\mysql\data\ib_logfile101 to C:\Users\Joey\Desktop\school\PAO\zwabbe\mysql\data\ib_logfile0
2017-03-16 14:51:28 9908 [Warning] InnoDB: New log files created, LSN=1626134
2017-03-16 14:51:28 9908 [Note] InnoDB: Highest supported file format is Barracuda.
2017-03-16 14:51:28 9908 [Note] InnoDB: 128 rollback segment(s) are active.
2017-03-16 14:51:28 9908 [Note] InnoDB: Waiting for purge to start
2017-03-16 14:51:28 9908 [Note] InnoDB: 5.6.13 started; log sequence number 1626636
2017-03-16 14:51:28 9908 [Warning] No existing UUID has been found, so we assume that this is the first time that this server has been started. Generating a new UUID: a744a1d1-0a4f-11e7-9b6d-086266b31002.
2017-03-16 14:51:28 9908 [Note] Server hostname (bind-address): '*'; port: 3307
2017-03-16 14:51:28 9908 [Note] IPv6 is available.
2017-03-16 14:51:28 9908 [Note]   - '::' resolves to '::';
2017-03-16 14:51:28 9908 [Note] Server socket created on IP: '::'.
